/home/lucas/Documentos/python-django-tcc-academia-sci-2023/apps/Purchase/PurchaseService/generateReports.py changed, reloading.
Watching for file changes with StatReloader
"GET /generate_reports HTTP/1.1" 200 2972
/home/lucas/Documentos/python-django-tcc-academia-sci-2023/apps/Purchase/PurchaseService/generateReports.py changed, reloading.
Watching for file changes with StatReloader
/home/lucas/Documentos/python-django-tcc-academia-sci-2023/apps/Purchase/PurchaseService/generateReports.py changed, reloading.
Watching for file changes with StatReloader
/home/lucas/Documentos/python-django-tcc-academia-sci-2023/apps/Purchase/PurchaseService/generateReports.py changed, reloading.
Watching for file changes with StatReloader
"GET /page_initial_reports HTTP/1.1" 200 5978
"POST /make_reports HTTP/1.1" 200 4042
/home/lucas/Documentos/python-django-tcc-academia-sci-2023/apps/User/views.py changed, reloading.
Watching for file changes with StatReloader
/home/lucas/Documentos/python-django-tcc-academia-sci-2023/apps/User/views.py changed, reloading.
Watching for file changes with StatReloader
/home/lucas/Documentos/python-django-tcc-academia-sci-2023/apps/User/views.py changed, reloading.
Watching for file changes with StatReloader
/home/lucas/Documentos/python-django-tcc-academia-sci-2023/apps/Purchase/PurchaseService/generateReports.py changed, reloading.
Watching for file changes with StatReloader
/home/lucas/Documentos/python-django-tcc-academia-sci-2023/apps/Purchase/PurchaseService/generateReports.py changed, reloading.
Watching for file changes with StatReloader
"GET /page_initial_reports HTTP/1.1" 200 5978
"POST /make_reports HTTP/1.1" 200 14160
"GET /generate_reports HTTP/1.1" 200 2972
"GET /generate_reports HTTP/1.1" 200 2972
"GET /generate_reports HTTP/1.1" 200 2972
Internal Server Error: /page_initial_reports
Traceback (most recent call last):
  File "/home/lucas/Documentos/python-django-tcc-academia-sci-2023/virtual_enviroment/lib/python3.10/site-packages/django/core/handlers/exception.py", line 55, in inner
    response = get_response(request)
  File "/home/lucas/Documentos/python-django-tcc-academia-sci-2023/virtual_enviroment/lib/python3.10/site-packages/django/core/handlers/base.py", line 197, in _get_response
    response = wrapped_callback(request, *callback_args, **callback_kwargs)
  File "/home/lucas/Documentos/python-django-tcc-academia-sci-2023/core/../apps/User/views.py", line 273, in page_initial_reports
    return render(request,'reports/individual_report.html',{'form':reportsForm()})
  File "/home/lucas/Documentos/python-django-tcc-academia-sci-2023/virtual_enviroment/lib/python3.10/site-packages/django/shortcuts.py", line 24, in render
    content = loader.render_to_string(template_name, context, request, using=using)
  File "/home/lucas/Documentos/python-django-tcc-academia-sci-2023/virtual_enviroment/lib/python3.10/site-packages/django/template/loader.py", line 61, in render_to_string
    template = get_template(template_name, using=using)
  File "/home/lucas/Documentos/python-django-tcc-academia-sci-2023/virtual_enviroment/lib/python3.10/site-packages/django/template/loader.py", line 19, in get_template
    raise TemplateDoesNotExist(template_name, chain=chain)
django.template.exceptions.TemplateDoesNotExist: reports/individual_report.html
"GET /page_initial_reports HTTP/1.1" 500 85993
Internal Server Error: /page_initial_reports
Traceback (most recent call last):
  File "/home/lucas/Documentos/python-django-tcc-academia-sci-2023/virtual_enviroment/lib/python3.10/site-packages/django/core/handlers/exception.py", line 55, in inner
    response = get_response(request)
  File "/home/lucas/Documentos/python-django-tcc-academia-sci-2023/virtual_enviroment/lib/python3.10/site-packages/django/core/handlers/base.py", line 197, in _get_response
    response = wrapped_callback(request, *callback_args, **callback_kwargs)
  File "/home/lucas/Documentos/python-django-tcc-academia-sci-2023/core/../apps/User/views.py", line 273, in page_initial_reports
    return render(request,'reports/individual_report.html',{'form':reportsForm()})
  File "/home/lucas/Documentos/python-django-tcc-academia-sci-2023/virtual_enviroment/lib/python3.10/site-packages/django/shortcuts.py", line 24, in render
    content = loader.render_to_string(template_name, context, request, using=using)
  File "/home/lucas/Documentos/python-django-tcc-academia-sci-2023/virtual_enviroment/lib/python3.10/site-packages/django/template/loader.py", line 61, in render_to_string
    template = get_template(template_name, using=using)
  File "/home/lucas/Documentos/python-django-tcc-academia-sci-2023/virtual_enviroment/lib/python3.10/site-packages/django/template/loader.py", line 19, in get_template
    raise TemplateDoesNotExist(template_name, chain=chain)
django.template.exceptions.TemplateDoesNotExist: reports/individual_report.html
"GET /page_initial_reports HTTP/1.1" 500 85993
/home/lucas/Documentos/python-django-tcc-academia-sci-2023/apps/User/views.py changed, reloading.
Watching for file changes with StatReloader
/home/lucas/Documentos/python-django-tcc-academia-sci-2023/apps/User/views.py changed, reloading.
Watching for file changes with StatReloader
/home/lucas/Documentos/python-django-tcc-academia-sci-2023/apps/User/views.py changed, reloading.
Watching for file changes with StatReloader
"GET /page_initial_reports HTTP/1.1" 200 5978
/home/lucas/Documentos/python-django-tcc-academia-sci-2023/apps/Purchase/PurchaseService/generateReports.py changed, reloading.
Watching for file changes with StatReloader
"GET /page_initial_reports HTTP/1.1" 200 5978
"POST /make_reports HTTP/1.1" 200 14165
"GET /generate_reports HTTP/1.1" 200 2972
/home/lucas/Documentos/python-django-tcc-academia-sci-2023/apps/Purchase/PurchaseService/generateReports.py changed, reloading.
Watching for file changes with StatReloader
/home/lucas/Documentos/python-django-tcc-academia-sci-2023/apps/Purchase/PurchaseService/generateReports.py changed, reloading.
Watching for file changes with StatReloader
/home/lucas/Documentos/python-django-tcc-academia-sci-2023/apps/Purchase/PurchaseService/generateReports.py changed, reloading.
Watching for file changes with StatReloader
"GET /page_initial_reports HTTP/1.1" 200 5978
"GET /page_initial_reports HTTP/1.1" 200 5978
"GET /static/css/css_reset.css HTTP/1.1" 200 994
"GET /static/css/shake.css HTTP/1.1" 200 266
"GET /static/css/validations_colors.css HTTP/1.1" 200 163
"GET /static/js/messages_remove_on_page.js HTTP/1.1" 200 195
"GET /static/css/sb-admin-2.min.css HTTP/1.1" 200 170737
"GET /static/vendor/chart.js/Chart.min.js HTTP/1.1" 200 173077
"GET /static/js/inputStandardPassword.js HTTP/1.1" 200 177
"GET /static/js/demo/chart-area-demo.js HTTP/1.1" 200 3521
"GET /static/js/sb-admin-2.min.js HTTP/1.1" 200 1265
"GET /static/js/generateUsername.js HTTP/1.1" 200 299
"GET /static/js/confirmChoiceOnSwitch.js HTTP/1.1" 200 488
"GET /static/js/inputMask.js HTTP/1.1" 200 333
"GET /static/js/cpfValidation.js HTTP/1.1" 200 1150
"GET /static/js/validatePassword.js HTTP/1.1" 200 789
Not Found: /favicon.ico
"GET /favicon.ico HTTP/1.1" 404 4994
"GET /generate_reports HTTP/1.1" 200 14034
"GET /generate_reports HTTP/1.1" 200 14032
"GET /generate_reports HTTP/1.1" 200 14032
"GET /page_initial_reports HTTP/1.1" 200 5978
"GET /static/css/css_reset.css HTTP/1.1" 200 994
"GET /static/css/validations_colors.css HTTP/1.1" 200 163
"GET /static/css/shake.css HTTP/1.1" 200 266
"GET /static/css/sb-admin-2.min.css HTTP/1.1" 200 170737
"GET /static/js/messages_remove_on_page.js HTTP/1.1" 200 195
"GET /static/js/confirmChoiceOnSwitch.js HTTP/1.1" 200 488
"GET /static/js/inputStandardPassword.js HTTP/1.1" 200 177
"GET /static/js/generateUsername.js HTTP/1.1" 200 299
"GET /static/js/demo/chart-area-demo.js HTTP/1.1" 200 3521
"GET /static/vendor/chart.js/Chart.min.js HTTP/1.1" 200 173077
"GET /static/js/inputMask.js HTTP/1.1" 200 333
"GET /static/js/sb-admin-2.min.js HTTP/1.1" 200 1265
"GET /static/js/cpfValidation.js HTTP/1.1" 200 1150
"GET /static/js/validatePassword.js HTTP/1.1" 200 789
Not Found: /favicon.ico
"GET /favicon.ico HTTP/1.1" 404 4994
"GET /generate_reports HTTP/1.1" 200 14033
/home/lucas/Documentos/python-django-tcc-academia-sci-2023/apps/Purchase/PurchaseService/generateReports.py changed, reloading.
Watching for file changes with StatReloader
"GET /generate_reports HTTP/1.1" 200 14645
"GET /generate_reports HTTP/1.1" 200 14636
"GET /page_initial_reports HTTP/1.1" 200 5971
